<?xml version="1.0" encoding="UTF-8"?>
<testng-results ignored="0" total="1" passed="1" failed="0" skipped="0">
  <reporter-output>
  </reporter-output>
  <suite started-at="2024-07-15T10:44:12 IST" name="Default suite" finished-at="2024-07-15T10:44:35 IST" duration-ms="22415">
    <groups>
    </groups>
    <test started-at="2024-07-15T10:44:12 IST" name="Default test" finished-at="2024-07-15T10:44:35 IST" duration-ms="22415">
      <class name="Selenium4.TestAllDriversTesting">
        <test-method signature="sample()[pri:0, instance:Selenium4.TestAllDriversTesting@609e8838]" started-at="2024-07-15T10:44:12 IST" name="sample" finished-at="2024-07-15T10:44:35 IST" duration-ms="22335" status="PASS">
          <reporter-output>
          </reporter-output>
        </test-method> <!-- sample -->
      </class> <!-- Selenium4.TestAllDriversTesting -->
    </test> <!-- Default test -->
  </suite> <!-- Default suite -->
</testng-results>
